Arguments: 
  C:\Program Files\nodejs\node.exe C:\Program Files (x86)\Yarn\bin\yarn.js add axios body-parser cors crypto-js dotenv express express-jwt express-validation helmet joi jsonwebtoken mongoose mongoose-agregate-paginate-v2 morgan nodemon

PATH: 
  C:\Program Files (x86)\Common Files\Intel\Shared Libraries\redist\intel64\compiler;C:\Program Files\Microsoft\jdk-11.0.16.101-hotspot\bin;C:\Program Files\Common Files\Oracle\Java\javapath;C:\Program Files (x86)\Common Files\Oracle\Java\javapath;C:\Windows\system32;C:\Windows;C:\Windows\System32\Wbem;C:\Windows\System32\WindowsPowerShell\v1.0\;C:\Windows\System32\OpenSSH\;C:\Program Files\Git\cmd;C:\Program Files (x86)\Yarn\bin\;C:\ProgramData\chocolatey\bin;E:\Android\SDK\emulator;E:\Android\SDK\tools;E:\Android\SDK\tools\bin;E:\Android\SDK\platform-tools;C:\Windows\system32;C:\Windows;C:\Windows\System32\Wbem;C:\Windows\System32\WindowsPowerShell\v1.0\;C:\Windows\System32\OpenSSH\;C:\Program Files\dotnet\;C:\Program Files\nodejs\;C:\Windows\Microsoft.NET\Framework64\v4.0.30319;C:\Users\rubem\AppData\Local\Programs\Python\Python312\Scripts\;C:\Users\rubem\AppData\Local\Programs\Python\Python312\;C:\Users\rubem\AppData\Local\Programs\Python\Python310\Scripts\;C:\Users\rubem\AppData\Local\Programs\Python\Python310\;C:\Users\rubem\AppData\Local\Microsoft\WindowsApps;C:\Users\rubem\AppData\Local\Programs\Microsoft VS Code\bin;C:\Users\rubem\AppData\Local\Programs\mongosh\;C:\Users\rubem\AppData\Local\Yarn\bin;C:\Users\rubem\.dotnet\tools;C:\Users\rubem\AppData\Roaming\npm;C:\Windows\Microsoft.NET\Framework64\v4.0.30319;

Yarn version: 
  1.22.19

Node version: 
  18.15.0

Platform: 
  win32 x64

Trace: 
  Error: https://registry.yarnpkg.com/mongoose-agregate-paginate-v2: Not found
      at params.callback [as _callback] (C:\Program Files (x86)\Yarn\lib\cli.js:66145:18)
      at self.callback (C:\Program Files (x86)\Yarn\lib\cli.js:140890:22)
      at Request.emit (node:events:513:28)
      at Request.<anonymous> (C:\Program Files (x86)\Yarn\lib\cli.js:141862:10)
      at Request.emit (node:events:513:28)
      at IncomingMessage.<anonymous> (C:\Program Files (x86)\Yarn\lib\cli.js:141784:12)
      at Object.onceWrapper (node:events:627:28)
      at IncomingMessage.emit (node:events:525:35)
      at endReadableNT (node:internal/streams/readable:1359:12)
      at process.processTicksAndRejections (node:internal/process/task_queues:82:21)

npm manifest: 
  No manifest

yarn manifest: 
  No manifest

Lockfile: 
  No lockfile
